#
# There is insufficient memory for the Java Runtime Environment to continue.
# Native memory allocation (malloc) failed to allocate 1476240 bytes for Chunk::new
# Possible reasons:
#   The system is out of physical RAM or swap space
#   In 32 bit mode, the process size limit was hit
# Possible solutions:
#   Reduce memory load on the system
#   Increase physical memory or swap space
#   Check if swap backing store is full
#   Use 64 bit Java on a 64 bit OS
#   Decrease Java heap size (-Xmx/-Xms)
#   Decrease number of Java threads
#   Decrease Java thread stack sizes (-Xss)
#   Set larger code cache with -XX:ReservedCodeCacheSize=
# This output file may be truncated or incomplete.
#
#  Out of Memory Error (allocation.cpp:390), pid=9336, tid=9204
#
# JRE version: Java(TM) SE Runtime Environment (8.0_73-b02) (build 1.8.0_73-b02)
# Java VM: Java HotSpot(TM) 64-Bit Server VM (25.73-b02 mixed mode windows-amd64 compressed oops)
# Failed to write core dump. Minidumps are not enabled by default on client versions of Windows
#

---------------  T H R E A D  ---------------

Current thread (0x0000000014687000):  JavaThread "C2 CompilerThread1" daemon [_thread_in_native, id=9204, stack(0x0000000015da0000,0x0000000015ea0000)]

Stack: [0x0000000015da0000,0x0000000015ea0000]
[error occurred during error reporting (printing stack bounds), id 0xc0000005]

Native frames: (J=compiled Java code, j=interpreted, Vv=VM code, C=native code)


Current CompileTask:
C2:12118219 19589       4       org.gradle.api.internal.artifacts.ivyservice.ivyresolve.memcache.InMemoryCachedModuleComponentRepository$CachedAccess::resolveComponentMetaData (29 bytes)


---------------  P R O C E S S  ---------------

Java Threads: ( => current thread )
  0x00000000197ba800 JavaThread "Stdin handler" [_thread_blocked, id=6760, stack(0x00000000188d0000,0x00000000189d0000)]
  0x00000000197b6000 JavaThread "Daemon worker Thread 28" [_thread_in_native, id=8560, stack(0x00000000187d0000,0x00000000188d0000)]
  0x00000000197b9000 JavaThread "Cancel handler" [_thread_blocked, id=7860, stack(0x00000000186d0000,0x00000000187d0000)]
  0x00000000197b5000 JavaThread "Handler for socket connection from /127.0.0.1:49963 to /127.0.0.1:61346" [_thread_in_native, id=9708, stack(0x00000000185d0000,0x00000000186d0000)]
  0x00000000197b8000 JavaThread "Daemon Thread 28" [_thread_blocked, id=9508, stack(0x00000000184d0000,0x00000000185d0000)]
  0x0000000017601800 JavaThread "pool-2-thread-4" [_thread_blocked, id=9036, stack(0x0000000020410000,0x0000000020510000)]
  0x00000000175fd800 JavaThread "pool-2-thread-3" [_thread_blocked, id=8280, stack(0x0000000020c00000,0x0000000020d00000)]
  0x00000000175fc000 JavaThread "pool-2-thread-2" [_thread_blocked, id=9644, stack(0x000000001cc90000,0x000000001cd90000)]
  0x00000000175ff000 JavaThread "pool-2-thread-1" [_thread_blocked, id=5252, stack(0x000000001b490000,0x000000001b590000)]
  0x0000000017074000 JavaThread "File lock request listener" [_thread_in_native, id=9816, stack(0x000000001c590000,0x000000001c690000)]
  0x0000000016d72800 JavaThread "Incoming local TCP Connector on port 49963" [_thread_in_native, id=6624, stack(0x00000000180c0000,0x00000000181c0000)]
  0x0000000015fa6800 JavaThread "Service Thread" daemon [_thread_blocked, id=4864, stack(0x00000000163a0000,0x00000000164a0000)]
  0x000000001468a000 JavaThread "C1 CompilerThread2" daemon [_thread_blocked, id=9804, stack(0x0000000015ea0000,0x0000000015fa0000)]
=>0x0000000014687000 JavaThread "C2 CompilerThread1" daemon [_thread_in_native, id=9204, stack(0x0000000015da0000,0x0000000015ea0000)]
  0x000000001462b000 JavaThread "C2 CompilerThread0" daemon [_thread_blocked, id=9812, stack(0x0000000015ca0000,0x0000000015da0000)]
  0x0000000014629800 JavaThread "Attach Listener" daemon [_thread_blocked, id=1536, stack(0x0000000015ba0000,0x0000000015ca0000)]
  0x0000000014628800 JavaThread "Signal Dispatcher" daemon [_thread_blocked, id=9020, stack(0x0000000015aa0000,0x0000000015ba0000)]
  0x0000000001f57000 JavaThread "Finalizer" daemon [_thread_blocked, id=5024, stack(0x0000000015890000,0x0000000015990000)]
  0x0000000001f4e000 JavaThread "Reference Handler" daemon [_thread_blocked, id=300, stack(0x0000000015790000,0x0000000015890000)]
  0x0000000001e5e000 JavaThread "main" [_thread_blocked, id=5040, stack(0x0000000001cf0000,0x0000000001df0000)]

Other Threads:
  0x00000000145f7800 VMThread [stack: 0x0000000015690000,0x0000000015790000] [id=80]
  0x0000000015fab000 WatcherThread [stack: 0x00000000164a0000,0x00000000165a0000] [id=3460]

VM state:not at safepoint (normal execution)

VM Mutex/Monitor currently owned by a thread: None

Heap:
 PSYoungGen      total 93184K, used 33430K [0x00000000eab00000, 0x00000000f1180000, 0x0000000100000000)
  eden space 88576K, 34% used [0x00000000eab00000,0x00000000ec899878,0x00000000f0180000)
  from space 4608K, 67% used [0x00000000f0d00000,0x00000000f100c010,0x00000000f1180000)
  to   space 8192K, 0% used [0x00000000f0180000,0x00000000f0180000,0x00000000f0980000)
 ParOldGen       total 91136K, used 36824K [0x00000000c0000000, 0x00000000c5900000, 0x00000000eab00000)
  object space 91136K, 40% used [0x00000000c0000000,0x00000000c23f6320,0x00000000c5900000)
 Metaspace       used 65153K, capacity 70510K, committed 70656K, reserved 1112064K
  class space    used 8380K, capacity 8958K, committed 8960K, reserved 1048576K

Card table byte_map: [0x0000000011320000,0x0000000011530000] byte_map_base: 0x0000000010d20000

Marking Bits: (ParMarkBitMap*) 0x0000000066270600
 Begin Bits: [0x0000000011a90000, 0x0000000012a90000)
 End Bits:   [0x0000000012a90000, 0x0000000013a90000)

Polling page: 0x0000000001c80000

CodeCache: size=245760Kb used=56682Kb max_used=56848Kb free=189077Kb
 bounds [0x0000000001f60000, 0x0000000005750000, 0x0000000010f60000]
 total_blobs=15384 nmethods=14649 adapters=645
 compilation: enabled

Compilation events (10 events):
Event: 12110.965 Thread 0x0000000014687000 nmethod 19586 0x0000000004d8f050 code [0x0000000004d8f1a0, 0x0000000004d8f388]
Event: 12111.002 Thread 0x000000001462b000 19587       4       org.gradle.api.internal.artifacts.repositories.resolver.M2ResourcePattern::substituteTokens (40 bytes)
Event: 12111.006 Thread 0x0000000014687000 19588       4       org.gradle.internal.resource.ExternalResourceName::resolve (101 bytes)
Event: 12111.011 Thread 0x0000000014687000 nmethod 19588 0x00000000033ea650 code [0x00000000033ea7a0, 0x00000000033ea8f8]
Event: 12111.209 Thread 0x000000001462b000 nmethod 19587 0x00000000039f84d0 code [0x00000000039f8740, 0x00000000039f9a70]
Event: 12111.347 Thread 0x0000000014687000 19589       4       org.gradle.api.internal.artifacts.ivyservice.ivyresolve.memcache.InMemoryCachedModuleComponentRepository$CachedAccess::resolveComponentMetaData (29 bytes)
Event: 12111.348 Thread 0x000000001462b000 19590       4       org.gradle.api.internal.artifacts.ivyservice.ivyresolve.memcache.InMemoryMetaDataCache::supplyMetaData (40 bytes)
Event: 12111.430 Thread 0x000000001462b000 nmethod 19590 0x0000000002d5c710 code [0x0000000002d5c8e0, 0x0000000002d5d0b8]
Event: 12111.693 Thread 0x000000001462b000 19591       4       com.android.utils.StringHelper::capitalize (38 bytes)
Event: 12111.846 Thread 0x000000001462b000 nmethod 19591 0x0000000003c69390 code [0x0000000003c69580, 0x0000000003c6a638]

GC Heap History (10 events):
Event: 11906.926 GC heap before
{Heap before GC invocations=107 (full 26):
 PSYoungGen      total 101376K, used 101119K [0x00000000eab00000, 0x00000000f1a80000, 0x0000000100000000)
  eden space 97792K, 100% used [0x00000000eab00000,0x00000000f0a80000,0x00000000f0a80000)
  from space 3584K, 92% used [0x00000000f1700000,0x00000000f1a3fde0,0x00000000f1a80000)
  to   space 8192K, 0% used [0x00000000f0a80000,0x00000000f0a80000,0x00000000f1280000)
 ParOldGen       total 91136K, used 37312K [0x00000000c0000000, 0x00000000c5900000, 0x00000000eab00000)
  object space 91136K, 40% used [0x00000000c0000000,0x00000000c2470380,0x00000000c5900000)
 Metaspace       used 64794K, capacity 69816K, committed 70144K, reserved 1110016K
  class space    used 8325K, capacity 8862K, committed 8960K, reserved 1048576K
Event: 11906.932 GC heap after
Heap after GC invocations=107 (full 26):
 PSYoungGen      total 99840K, used 4759K [0x00000000eab00000, 0x00000000f1780000, 0x0000000100000000)
  eden space 94720K, 0% used [0x00000000eab00000,0x00000000eab00000,0x00000000f0780000)
  from space 5120K, 92% used [0x00000000f0a80000,0x00000000f0f25fb0,0x00000000f0f80000)
  to   space 8192K, 0% used [0x00000000f0f80000,0x00000000f0f80000,0x00000000f1780000)
 ParOldGen       total 91136K, used 37312K [0x00000000c0000000, 0x00000000c5900000, 0x00000000eab00000)
  object space 91136K, 40% used [0x00000000c0000000,0x00000000c2470380,0x00000000c5900000)
 Metaspace       used 64794K, capacity 69816K, committed 70144K, reserved 1110016K
  class space    used 8325K, capacity 8862K, committed 8960K, reserved 1048576K
}
Event: 11913.007 GC heap before
{Heap before GC invocations=108 (full 26):
 PSYoungGen      total 99840K, used 99479K [0x00000000eab00000, 0x00000000f1780000, 0x0000000100000000)
  eden space 94720K, 100% used [0x00000000eab00000,0x00000000f0780000,0x00000000f0780000)
  from space 5120K, 92% used [0x00000000f0a80000,0x00000000f0f25fb0,0x00000000f0f80000)
  to   space 8192K, 0% used [0x00000000f0f80000,0x00000000f0f80000,0x00000000f1780000)
 ParOldGen       total 91136K, used 37312K [0x00000000c0000000, 0x00000000c5900000, 0x00000000eab00000)
  object space 91136K, 40% used [0x00000000c0000000,0x00000000c2470380,0x00000000c5900000)
 Metaspace       used 64963K, capacity 70130K, committed 70400K, reserved 1110016K
  class space    used 8347K, capacity 8903K, committed 8960K, reserved 1048576K
Event: 11913.017 GC heap after
Heap after GC invocations=108 (full 26):
 PSYoungGen      total 97792K, used 6127K [0x00000000eab00000, 0x00000000f1580000, 0x0000000100000000)
  eden space 91648K, 0% used [0x00000000eab00000,0x00000000eab00000,0x00000000f0480000)
  from space 6144K, 99% used [0x00000000f0f80000,0x00000000f157bde0,0x00000000f1580000)
  to   space 8192K, 0% used [0x00000000f0580000,0x00000000f0580000,0x00000000f0d80000)
 ParOldGen       total 91136K, used 37320K [0x00000000c0000000, 0x00000000c5900000, 0x00000000eab00000)
  object space 91136K, 40% used [0x00000000c0000000,0x00000000c2472380,0x00000000c5900000)
 Metaspace       used 64963K, capacity 70130K, committed 70400K, reserved 1110016K
  class space    used 8347K, capacity 8903K, committed 8960K, reserved 1048576K
}
Event: 11913.128 GC heap before
{Heap before GC invocations=109 (full 26):
 PSYoungGen      total 97792K, used 12628K [0x00000000eab00000, 0x00000000f1580000, 0x0000000100000000)
  eden space 91648K, 7% used [0x00000000eab00000,0x00000000eb159430,0x00000000f0480000)
  from space 6144K, 99% used [0x00000000f0f80000,0x00000000f157bde0,0x00000000f1580000)
  to   space 8192K, 0% used [0x00000000f0580000,0x00000000f0580000,0x00000000f0d80000)
 ParOldGen       total 91136K, used 37320K [0x00000000c0000000, 0x00000000c5900000, 0x00000000eab00000)
  object space 91136K, 40% used [0x00000000c0000000,0x00000000c2472380,0x00000000c5900000)
 Metaspace       used 64963K, capacity 70130K, committed 70400K, reserved 1110016K
  class space    used 8347K, capacity 8903K, committed 8960K, reserved 1048576K
Event: 11913.130 GC heap after
Heap after GC invocations=109 (full 26):
 PSYoungGen      total 93696K, used 1607K [0x00000000eab00000, 0x00000000f1580000, 0x0000000100000000)
  eden space 91648K, 0% used [0x00000000eab00000,0x00000000eab00000,0x00000000f0480000)
  from space 2048K, 78% used [0x00000000f0580000,0x00000000f0711fc0,0x00000000f0780000)
  to   space 8704K, 0% used [0x00000000f0d00000,0x00000000f0d00000,0x00000000f1580000)
 ParOldGen       total 91136K, used 37320K [0x00000000c0000000, 0x00000000c5900000, 0x00000000eab00000)
  object space 91136K, 40% used [0x00000000c0000000,0x00000000c2472380,0x00000000c5900000)
 Metaspace       used 64963K, capacity 70130K, committed 70400K, reserved 1110016K
  class space    used 8347K, capacity 8903K, committed 8960K, reserved 1048576K
}
Event: 11913.130 GC heap before
{Heap before GC invocations=110 (full 27):
 PSYoungGen      total 93696K, used 1607K [0x00000000eab00000, 0x00000000f1580000, 0x0000000100000000)
  eden space 91648K, 0% used [0x00000000eab00000,0x00000000eab00000,0x00000000f0480000)
  from space 2048K, 78% used [0x00000000f0580000,0x00000000f0711fc0,0x00000000f0780000)
  to   space 8704K, 0% used [0x00000000f0d00000,0x00000000f0d00000,0x00000000f1580000)
 ParOldGen       total 91136K, used 37320K [0x00000000c0000000, 0x00000000c5900000, 0x00000000eab00000)
  object space 91136K, 40% used [0x00000000c0000000,0x00000000c2472380,0x00000000c5900000)
 Metaspace       used 64963K, capacity 70130K, committed 70400K, reserved 1110016K
  class space    used 8347K, capacity 8903K, committed 8960K, reserved 1048576K
Event: 11913.318 GC heap after
Heap after GC invocations=110 (full 27):
 PSYoungGen      total 93696K, used 0K [0x00000000eab00000, 0x00000000f1580000, 0x0000000100000000)
  eden space 91648K, 0% used [0x00000000eab00000,0x00000000eab00000,0x00000000f0480000)
  from space 2048K, 0% used [0x00000000f0580000,0x00000000f0580000,0x00000000f0780000)
  to   space 8704K, 0% used [0x00000000f0d00000,0x00000000f0d00000,0x00000000f1580000)
 ParOldGen       total 91136K, used 36816K [0x00000000c0000000, 0x00000000c5900000, 0x00000000eab00000)
  object space 91136K, 40% used [0x00000000c0000000,0x00000000c23f4320,0x00000000c5900000)
 Metaspace       used 64963K, capacity 70130K, committed 70400K, reserved 1110016K
  class space    used 8347K, capacity 8903K, committed 8960K, reserved 1048576K
}
Event: 12107.043 GC heap before
{Heap before GC invocations=111 (full 27):
 PSYoungGen      total 93696K, used 91648K [0x00000000eab00000, 0x00000000f1580000, 0x0000000100000000)
  eden space 91648K, 100% used [0x00000000eab00000,0x00000000f0480000,0x00000000f0480000)
  from space 2048K, 0% used [0x00000000f0580000,0x00000000f0580000,0x00000000f0780000)
  to   space 8704K, 0% used [0x00000000f0d00000,0x00000000f0d00000,0x00000000f1580000)
 ParOldGen       total 91136K, used 36816K [0x00000000c0000000, 0x00000000c5900000, 0x00000000eab00000)
  object space 91136K, 40% used [0x00000000c0000000,0x00000000c23f4320,0x00000000c5900000)
 Metaspace       used 65153K, capacity 70510K, committed 70656K, reserved 1112064K
  class space    used 8380K, capacity 8958K, committed 8960K, reserved 1048576K
Event: 12107.368 GC heap after
Heap after GC invocations=111 (full 27):
 PSYoungGen      total 93184K, used 3120K [0x00000000eab00000, 0x00000000f1180000, 0x0000000100000000)
  eden space 88576K, 0% used [0x00000000eab00000,0x00000000eab00000,0x00000000f0180000)
  from space 4608K, 67% used [0x00000000f0d00000,0x00000000f100c010,0x00000000f1180000)
  to   space 8192K, 0% used [0x00000000f0180000,0x00000000f0180000,0x00000000f0980000)
 ParOldGen       total 91136K, used 36824K [0x00000000c0000000, 0x00000000c5900000, 0x00000000eab00000)
  object space 91136K, 40% used [0x00000000c0000000,0x00000000c23f6320,0x00000000c5900000)
 Metaspace       used 65153K, capacity 70510K, committed 70656K, reserved 1112064K
  class space    used 8380K, capacity 8958K, committed 8960K, reserved 1048576K
}

Deoptimization events (10 events):
Event: 9831.266 Thread 0x00000000197b9000 Uncommon trap: reason=null_check action=make_not_entrant pc=0x0000000005499040 method=org.codehaus.groovy.runtime.typehandling.DefaultTypeTransformation.castToType(Ljava/lang/Object;Ljava/lang/Class;)Ljava/lang/Object; @ 65
Event: 11114.978 Thread 0x0000000017600800 Uncommon trap: reason=class_check action=maybe_recompile pc=0x00000000033d73dc method=java.util.HashMap.removeNode(ILjava/lang/Object;Ljava/lang/Object;ZZ)Ljava/util/HashMap$Node; @ 143
Event: 11271.893 Thread 0x00000000197b6000 Uncommon trap: reason=predicate action=maybe_recompile pc=0x0000000003b8804c method=java.util.ComparableTimSort.mergeHi(IIII)V @ 185
Event: 11271.898 Thread 0x00000000197b6000 Uncommon trap: reason=array_check action=maybe_recompile pc=0x0000000005168cb8 method=java.util.ComparableTimSort.mergeLo(IIII)V @ 81
Event: 11271.899 Thread 0x00000000197b6000 Uncommon trap: reason=array_check action=maybe_recompile pc=0x0000000005168cb8 method=java.util.ComparableTimSort.mergeLo(IIII)V @ 81
Event: 11271.924 Thread 0x00000000197b6000 Uncommon trap: reason=array_check action=maybe_recompile pc=0x0000000005168cb8 method=java.util.ComparableTimSort.mergeLo(IIII)V @ 81
Event: 11271.924 Thread 0x00000000197b6000 Uncommon trap: reason=array_check action=maybe_recompile pc=0x0000000002a60458 method=java.util.ComparableTimSort.mergeLo(IIII)V @ 240
Event: 11271.925 Thread 0x00000000197b6000 Uncommon trap: reason=array_check action=maybe_recompile pc=0x0000000005168cb8 method=java.util.ComparableTimSort.mergeLo(IIII)V @ 81
Event: 11789.424 Thread 0x00000000197b6000 Uncommon trap: reason=unstable_if action=reinterpret pc=0x0000000004c7a62c method=java.math.MutableBigInteger.mul(ILjava/math/MutableBigInteger;)V @ 2
Event: 11913.025 Thread 0x0000000017600800 Uncommon trap: reason=unstable_if action=reinterpret pc=0x0000000003eb1a58 method=java.math.MutableBigInteger.add(Ljava/math/MutableBigInteger;)V @ 171

Internal exceptions (10 events):
Event: 11664.206 Thread 0x0000000017600800 Exception <a 'java/lang/ClassNotFoundException': asLocalRepo30_7il10ycjefuu6pyhrvgtjqdy8Customizer> (0x00000000eaf45240) thrown at [D:\re\puppet\workspace\8-2-build-windows-amd64-cygwin\jdk8u73\6086\hotspot\src\share\vm\classfile\systemDictionary.cpp, line†∞y,Õ∆@
Event: 11674.344 Thread 0x0000000017600800 Exception <a 'java/io/FileNotFoundException'> (0x00000000ef9aaec0) thrown at [D:\re\puppet\workspace\8-2-build-windows-amd64-cygwin\jdk8u73\6086\hotspot\src\share\vm\prims\jni.cpp, line 709]
Event: 11779.057 Thread 0x00000000197b6000 Exception <a 'java/lang/ClassNotFoundException': asLocalRepo31_5advxn1ocg5sdfxur41jpzxicBeanInfo> (0x00000000eaf549b0) thrown at [D:\re\puppet\workspace\8-2-build-windows-amd64-cygwin\jdk8u73\6086\hotspot\src\share\vm\classfile\systemDictionary.cpp, line 25’◊há«@
Event: 11779.058 Thread 0x00000000197b6000 Exception <a 'java/lang/ClassNotFoundException': asLocalRepo31_5advxn1ocg5sdfxur41jpzxicCustomizer> (0x00000000eaf5de20) thrown at [D:\re\puppet\workspace\8-2-build-windows-amd64-cygwin\jdk8u73\6086\hotspot\src\share\vm\classfile\systemDictionary.cpp, line
Event: 11789.502 Thread 0x00000000197b6000 Exception <a 'java/io/FileNotFoundException'> (0x00000000efcbd278) thrown at [D:\re\puppet\workspace\8-2-build-windows-amd64-cygwin\jdk8u73\6086\hotspot\src\share\vm\prims\jni.cpp, line 709]
Event: 11902.233 Thread 0x0000000017600800 Exception <a 'java/lang/ClassNotFoundException': asLocalRepo32_d84y4xxhw8gt1c9eqwi2eny0eBeanInfo> (0x00000000f00e7e60) thrown at [D:\re\puppet\workspace\8-2-build-windows-amd64-cygwin\jdk8u73\6086\hotspot\src\share\vm\classfile\systemDictionary.cpp, line 2ˇ
Event: 11902.233 Thread 0x0000000017600800 Exception <a 'java/lang/ClassNotFoundException': asLocalRepo32_d84y4xxhw8gt1c9eqwi2eny0eCustomizer> (0x00000000f00f12d0) thrown at [D:\re\puppet\workspace\8-2-build-windows-amd64-cygwin\jdk8u73\6086\hotspot\src\share\vm\classfile\systemDictionary.cpp, line∏QçŸéD«@
Event: 11913.116 Thread 0x0000000017600800 Exception <a 'java/io/FileNotFoundException'> (0x00000000eae0ac48) thrown at [D:\re\puppet\workspace\8-2-build-windows-amd64-cygwin\jdk8u73\6086\hotspot\src\share\vm\prims\jni.cpp, line 709]
Event: 12086.738 Thread 0x00000000197b6000 Exception <a 'java/lang/ClassNotFoundException': asLocalRepo33_9jy57thqmrd60jwzpaq3a75k7BeanInfo> (0x00000000eaf0d860) thrown at [D:\re\puppet\workspace\8-2-build-windows-amd64-cygwin\jdk8u73\6086\hotspot\src\share\vm\classfile\systemDictionary.cpp, line 2Ütõ}^õ«@
Event: 12086.738 Thread 0x00000000197b6000 Exception <a 'java/lang/ClassNotFoundException': asLocalRepo33_9jy57thqmrd60jwzpaq3a75k7Customizer> (0x00000000eaf16cd0) thrown at [D:\re\puppet\workspace\8-2-build-windows-amd64-cygwin\jdk8u73\6086\hotspot\src\share\vm\classfile\systemDictionary.cpp, line˛,VW»∆@

Events (10 events):
Event: 12086.867 Thread 0x000000001462b000 flushing nmethod 0x0000000003c65490
Event: 12086.872 Thread 0x0000000014687000 flushing nmethod 0x0000000003d61750
Event: 12086.872 Thread 0x0000000014687000 flushing nmethod 0x0000000003d9d090
Event: 12086.873 Thread 0x0000000014687000 flushing nmethod 0x0000000003e87b50
Event: 12086.879 Thread 0x000000001462b000 flushing nmethod 0x0000000004307590
Event: 12086.879 Thread 0x000000001462b000 flushing nmethod 0x0000000004309bd0
Event: 12087.160 Thread 0x000000001462b000 flushing nmethod 0x0000000004aa8850
Event: 12087.209 Thread 0x000000001462b000 flushing nmethod 0x0000000004d8f050
Event: 12107.007 Executing VM operation: ParallelGCFailedAllocation
Event: 12107.368 Executing VM operation: ParallelGCFailedAllocation done


Dynamic libraries:
0x00007ff7d90d0000 - 0x00007ff7d9107000 	C:\Program Files\Java\jdk1.8.0_73\bin\java.exe
0x00007ffea1400000 - 0x00007ffea15ad000 	C:\WINDOWS\SYSTEM32\ntdll.dll
0x00007ffe9ef60000 - 0x00007ffe9f09e000 	C:\WINDOWS\system32\KERNEL32.DLL
0x00007ffe9e690000 - 0x00007ffe9e7a5000 	C:\WINDOWS\system32\KERNELBASE.dll
0x00007ffe9c640000 - 0x00007ffe9c6ce000 	C:\WINDOWS\system32\apphelp.dll
0x00007ffe88720000 - 0x00007ffe88773000 	C:\WINDOWS\AppPatch\AppPatch64\AcGenral.DLL
0x00007ffe9f0b0000 - 0x00007ffe9f15a000 	C:\WINDOWS\system32\msvcrt.dll
0x00007ffe9e660000 - 0x00007ffe9e68e000 	C:\WINDOWS\system32\SspiCli.dll
0x00007ffea0e90000 - 0x00007ffea0ee4000 	C:\WINDOWS\system32\SHLWAPI.dll
0x00007ffea0930000 - 0x00007ffea0aa7000 	C:\WINDOWS\system32\USER32.dll
0x00007ffea0ef0000 - 0x00007ffea1084000 	C:\WINDOWS\system32\ole32.dll
0x00007ffe9f400000 - 0x00007ffea092a000 	C:\WINDOWS\system32\SHELL32.dll
0x00007ffe9d720000 - 0x00007ffe9d741000 	C:\WINDOWS\SYSTEM32\USERENV.dll
0x00007ffea0ab0000 - 0x00007ffea0b5a000 	C:\WINDOWS\system32\ADVAPI32.dll
0x00007ffe8d940000 - 0x00007ffe8d95e000 	C:\WINDOWS\SYSTEM32\MPR.dll
0x00007ffe9f230000 - 0x00007ffe9f370000 	C:\WINDOWS\system32\RPCRT4.dll
0x00007ffea0e30000 - 0x00007ffea0e89000 	C:\WINDOWS\SYSTEM32\sechost.dll
0x00007ffea0bd0000 - 0x00007ffea0de1000 	C:\WINDOWS\SYSTEM32\combase.dll
0x00007ffe9ebf0000 - 0x00007ffe9ed40000 	C:\WINDOWS\system32\GDI32.dll
0x00007ffe9e530000 - 0x00007ffe9e545000 	C:\WINDOWS\SYSTEM32\profapi.dll
0x00007ffe9da00000 - 0x00007ffe9dab2000 	C:\WINDOWS\SYSTEM32\SHCORE.dll
0x00007ffea0df0000 - 0x00007ffea0e26000 	C:\WINDOWS\system32\IMM32.DLL
0x00007ffe9ea90000 - 0x00007ffe9ebe2000 	C:\WINDOWS\system32\MSCTF.dll
0x00007ffe9dee0000 - 0x00007ffe9e15b000 	C:\WINDOWS\WinSxS\amd64_microsoft.windows.common-controls_6595b64144ccf1df_6.0.9600.18006_none_623f33d3ecbe86e8\COMCTL32.dll
0x0000000066760000 - 0x0000000066832000 	C:\Program Files\Java\jdk1.8.0_73\jre\bin\msvcr100.dll
0x0000000065a60000 - 0x00000000662f0000 	C:\Program Files\Java\jdk1.8.0_73\jre\bin\server\jvm.dll
0x00007ffe93bb0000 - 0x00007ffe93bb9000 	C:\WINDOWS\SYSTEM32\WSOCK32.dll
0x00007ffe97a40000 - 0x00007ffe97a62000 	C:\WINDOWS\SYSTEM32\WINMM.dll
0x00007ffe95040000 - 0x00007ffe9504a000 	C:\WINDOWS\SYSTEM32\VERSION.dll
0x00007ffea0b60000 - 0x00007ffea0b67000 	C:\WINDOWS\system32\PSAPI.DLL
0x00007ffe9ef00000 - 0x00007ffe9ef5a000 	C:\WINDOWS\system32\WS2_32.dll
0x00007ffe97a10000 - 0x00007ffe97a3a000 	C:\WINDOWS\SYSTEM32\WINMMBASE.dll
0x00007ffea1150000 - 0x00007ffea1159000 	C:\WINDOWS\system32\NSI.dll
0x00007ffe9ea40000 - 0x00007ffe9ea8f000 	C:\WINDOWS\SYSTEM32\cfgmgr32.dll
0x00007ffe9c890000 - 0x00007ffe9c8b8000 	C:\WINDOWS\SYSTEM32\DEVOBJ.dll
0x0000000067830000 - 0x000000006783f000 	C:\Program Files\Java\jdk1.8.0_73\jre\bin\verify.dll
0x0000000066db0000 - 0x0000000066dd9000 	C:\Program Files\Java\jdk1.8.0_73\jre\bin\java.dll
0x0000000066b60000 - 0x0000000066b76000 	C:\Program Files\Java\jdk1.8.0_73\jre\bin\zip.dll
0x0000000066b40000 - 0x0000000066b5a000 	C:\Program Files\Java\jdk1.8.0_73\jre\bin\net.dll
0x00007ffe9dac0000 - 0x00007ffe9db19000 	C:\WINDOWS\system32\mswsock.dll
0x0000000066b20000 - 0x0000000066b31000 	C:\Program Files\Java\jdk1.8.0_73\jre\bin\nio.dll
0x00007ffe8de20000 - 0x00007ffe8de32000 	C:\Users\Bettina\.gradle\native\19\windows-amd64\native-platform.dll
0x00007ffe98b10000 - 0x00007ffe98b3a000 	C:\WINDOWS\SYSTEM32\IPHLPAPI.DLL
0x00007ffe98ae0000 - 0x00007ffe98aea000 	C:\WINDOWS\SYSTEM32\WINNSI.DLL
0x00007ffe98980000 - 0x00007ffe98996000 	C:\WINDOWS\SYSTEM32\dhcpcsvc6.DLL
0x00007ffe98960000 - 0x00007ffe9897a000 	C:\WINDOWS\SYSTEM32\dhcpcsvc.DLL
0x00007ffe9db20000 - 0x00007ffe9db40000 	C:\WINDOWS\SYSTEM32\CRYPTSP.dll
0x00007ffe9d610000 - 0x00007ffe9d646000 	C:\WINDOWS\system32\rsaenh.dll
0x00007ffe9dd70000 - 0x00007ffe9dd96000 	C:\WINDOWS\SYSTEM32\bcrypt.dll
0x00007ffe9e400000 - 0x00007ffe9e463000 	C:\WINDOWS\system32\bcryptprimitives.dll
0x00007ffe9e470000 - 0x00007ffe9e47b000 	C:\WINDOWS\SYSTEM32\CRYPTBASE.dll
0x0000000067820000 - 0x000000006782d000 	C:\Program Files\Java\jdk1.8.0_73\jre\bin\management.dll

VM Arguments:
jvm_args: -XX:MaxPermSize=256m -XX:+HeapDumpOnOutOfMemoryError -Xmx1024m -Dfile.encoding=windows-1252 -Duser.country=AT -Duser.language=de -Duser.variant 
java_command: org.gradle.launcher.daemon.bootstrap.GradleDaemon 2.10
java_class_path (initial): C:\Users\Bettina\.gradle\wrapper\dists\gradle-2.10-all\a4w5fzrkeut1ox71xslb49gst\gradle-2.10\lib\gradle-launcher-2.10.jar
Launcher Type: SUN_STANDARD

Environment Variables:
PATH=C:\ProgramData\Oracle\Java\javapath;C:\Program Files (x86)\Intel\iCLS Client\;C:\Program Files\Intel\iCLS Client\;C:\WINDOWS\system32;C:\WINDOWS;C:\WINDOWS\System32\Wbem;C:\WINDOWS\System32\WindowsPowerShell\v1.0\;C:\Program Files (x86)\Intel\OpenCL SDK\2.0\bin\x86;C:\Program Files (x86)\Intel\OpenCL SDK\2.0\bin\x64;C:\Program Files (x86)\Windows Live\Shared;C:\Program Files\Condusiv Technologies\IntelliMemory\;C:\Program Files\Intel\WiFi\bin\;C:\Program Files\Common Files\Intel\WirelessCommon\;C:\Program Files\Intel\Intel(R) Management Engine Components\DAL;C:\Program Files\Intel\Intel(R) Management Engine Components\IPT;C:\Program Files (x86)\Intel\Intel(R) Management Engine Components\DAL;C:\Program Files (x86)\Intel\Intel(R) Management Engine Components\IPT;C:\Program Files\TortoiseSVN\bin;C:\Program Files (x86)\sbt\bin;C:\Program Files (x86)\Skype\Phone\;C:\Program Files\Git\cmd;C:\Program Files\Java\jdk1.8.0_45\bin;C:\Program Files\Intel\WiFi\bin\;C:\Program Files\Common Files\Intel\WirelessCommon\;C:\Program Files\Java\jdk1.8.0_73\bin;C:\texlive\2015\bin\win32
USERNAME=Bettina
OS=Windows_NT
PROCESSOR_IDENTIFIER=Intel64 Family 6 Model 58 Stepping 9, GenuineIntel



---------------  S Y S T E M  ---------------

OS: Windows 8.1 , 64 bit Build 9600 (6.3.9600.17415)

CPU:total 4 (2 cores per cpu, 2 threads per core) family 6 model 58 stepping 9, cmov, cx8, fxsr, mmx, sse, sse2, sse3, ssse3, sse4.1, sse4.2, popcnt, avx, clmul, erms, ht, tsc, tscinvbit, tscinv

Memory: 4k page, physical 3806752k(451616k free), swap 6598800k(4744k free)

vm_info: Java HotSpot(TM) 64-Bit Server VM (25.73-b02) for windows-amd64 JRE (1.8.0_73-b02), built on Jan 29 2016 17:38:49 by "java_re" with MS VC++ 10.0 (VS2010)

time: Tue May 31 12:35:09 2016
elapsed time: 12112 seconds (0d 3h 21m 52s)

